19-Oct-2017 19:21:03.887 INFO [main] org.apache.catalina.startup.VersionLoggerListener.log Server version:        Apache Tomcat/8.5.20
19-Oct-2017 19:21:03.890 INFO [main] org.apache.catalina.startup.VersionLoggerListener.log Server built:          Aug 2 2017 21:35:49 UTC
19-Oct-2017 19:21:03.890 INFO [main] org.apache.catalina.startup.VersionLoggerListener.log Server number:         8.5.20.0
19-Oct-2017 19:21:03.891 INFO [main] org.apache.catalina.startup.VersionLoggerListener.log OS Name:               Mac OS X
19-Oct-2017 19:21:03.891 INFO [main] org.apache.catalina.startup.VersionLoggerListener.log OS Version:            10.12
19-Oct-2017 19:21:03.891 INFO [main] org.apache.catalina.startup.VersionLoggerListener.log Architecture:          x86_64
19-Oct-2017 19:21:03.891 INFO [main] org.apache.catalina.startup.VersionLoggerListener.log Java Home:             /Library/Java/JavaVirtualMachines/jdk1.8.0_144.jdk/Contents/Home/jre
19-Oct-2017 19:21:03.891 INFO [main] org.apache.catalina.startup.VersionLoggerListener.log JVM Version:           1.8.0_144-b01
19-Oct-2017 19:21:03.891 INFO [main] org.apache.catalina.startup.VersionLoggerListener.log JVM Vendor:            Oracle Corporation
19-Oct-2017 19:21:03.891 INFO [main] org.apache.catalina.startup.VersionLoggerListener.log CATALINA_BASE:         /Applications/tomcat
19-Oct-2017 19:21:03.892 INFO [main] org.apache.catalina.startup.VersionLoggerListener.log CATALINA_HOME:         /Applications/tomcat
19-Oct-2017 19:21:03.892 INFO [main] org.apache.catalina.startup.VersionLoggerListener.log Command line argument: -Djava.util.logging.config.file=/Applications/tomcat/conf/logging.properties
19-Oct-2017 19:21:03.893 INFO [main] org.apache.catalina.startup.VersionLoggerListener.log Command line argument: -Djava.util.logging.manager=org.apache.juli.ClassLoaderLogManager
19-Oct-2017 19:21:03.893 INFO [main] org.apache.catalina.startup.VersionLoggerListener.log Command line argument: -Djdk.tls.ephemeralDHKeySize=2048
19-Oct-2017 19:21:03.893 INFO [main] org.apache.catalina.startup.VersionLoggerListener.log Command line argument: -Djava.protocol.handler.pkgs=org.apache.catalina.webresources
19-Oct-2017 19:21:03.893 INFO [main] org.apache.catalina.startup.VersionLoggerListener.log Command line argument: -Dcatalina.base=/Applications/tomcat
19-Oct-2017 19:21:03.893 INFO [main] org.apache.catalina.startup.VersionLoggerListener.log Command line argument: -Dcatalina.home=/Applications/tomcat
19-Oct-2017 19:21:03.893 INFO [main] org.apache.catalina.startup.VersionLoggerListener.log Command line argument: -Djava.io.tmpdir=/Applications/tomcat/temp
19-Oct-2017 19:21:03.893 INFO [main] org.apache.catalina.core.AprLifecycleListener.lifecycleEvent The APR based Apache Tomcat Native library which allows optimal performance in production environments was not found on the java.library.path: [/Users/darciaita/Library/Java/Extensions:/Library/Java/Extensions:/Network/Library/Java/Extensions:/System/Library/Java/Extensions:/usr/lib/java:.]
19-Oct-2017 19:21:04.127 INFO [main] org.apache.coyote.AbstractProtocol.init Initializing ProtocolHandler ["http-nio-8080"]
19-Oct-2017 19:21:04.177 INFO [main] org.apache.tomcat.util.net.NioSelectorPool.getSharedSelector Using a shared selector for servlet write/read
19-Oct-2017 19:21:04.182 INFO [main] org.apache.coyote.AbstractProtocol.init Initializing ProtocolHandler ["ajp-nio-8009"]
19-Oct-2017 19:21:04.185 INFO [main] org.apache.tomcat.util.net.NioSelectorPool.getSharedSelector Using a shared selector for servlet write/read
19-Oct-2017 19:21:04.185 INFO [main] org.apache.catalina.startup.Catalina.load Initialization processed in 829 ms
19-Oct-2017 19:21:04.220 INFO [main] org.apache.catalina.core.StandardService.startInternal Starting service [Catalina]
19-Oct-2017 19:21:04.220 INFO [main] org.apache.catalina.core.StandardEngine.startInternal Starting Servlet Engine: Apache Tomcat/8.5.20
19-Oct-2017 19:21:04.232 INFO [localhost-startStop-1] org.apache.catalina.startup.HostConfig.deployDirectory Deploying web application directory [/Applications/tomcat/webapps/docs]
19-Oct-2017 19:21:04.768 INFO [localhost-startStop-1] org.apache.jasper.servlet.TldScanner.scanJars At least one JAR was scanned for TLDs yet contained no TLDs. Enable debug logging for this logger for a complete list of JARs that were scanned but no TLDs were found in them. Skipping unneeded JARs during scanning can improve startup time and JSP compilation time.
19-Oct-2017 19:21:04.857 INFO [localhost-startStop-1] org.apache.catalina.startup.HostConfig.deployDirectory Deployment of web application directory [/Applications/tomcat/webapps/docs] has finished in [626] ms
19-Oct-2017 19:21:04.858 INFO [localhost-startStop-1] org.apache.catalina.startup.HostConfig.deployDirectory Deploying web application directory [/Applications/tomcat/webapps/examples]
19-Oct-2017 19:21:05.194 INFO [localhost-startStop-1] org.apache.jasper.servlet.TldScanner.scanJars At least one JAR was scanned for TLDs yet contained no TLDs. Enable debug logging for this logger for a complete list of JARs that were scanned but no TLDs were found in them. Skipping unneeded JARs during scanning can improve startup time and JSP compilation time.
19-Oct-2017 19:21:05.242 INFO [localhost-startStop-1] org.apache.catalina.startup.HostConfig.deployDirectory Deployment of web application directory [/Applications/tomcat/webapps/examples] has finished in [383] ms
19-Oct-2017 19:21:05.242 INFO [localhost-startStop-1] org.apache.catalina.startup.HostConfig.deployDirectory Deploying web application directory [/Applications/tomcat/webapps/host-manager]
19-Oct-2017 19:21:05.355 INFO [localhost-startStop-1] org.apache.jasper.servlet.TldScanner.scanJars At least one JAR was scanned for TLDs yet contained no TLDs. Enable debug logging for this logger for a complete list of JARs that were scanned but no TLDs were found in them. Skipping unneeded JARs during scanning can improve startup time and JSP compilation time.
19-Oct-2017 19:21:05.363 INFO [localhost-startStop-1] org.apache.catalina.startup.HostConfig.deployDirectory Deployment of web application directory [/Applications/tomcat/webapps/host-manager] has finished in [120] ms
19-Oct-2017 19:21:05.363 INFO [localhost-startStop-1] org.apache.catalina.startup.HostConfig.deployDirectory Deploying web application directory [/Applications/tomcat/webapps/manager]
19-Oct-2017 19:21:05.468 INFO [localhost-startStop-1] org.apache.jasper.servlet.TldScanner.scanJars At least one JAR was scanned for TLDs yet contained no TLDs. Enable debug logging for this logger for a complete list of JARs that were scanned but no TLDs were found in them. Skipping unneeded JARs during scanning can improve startup time and JSP compilation time.
19-Oct-2017 19:21:05.470 INFO [localhost-startStop-1] org.apache.catalina.startup.HostConfig.deployDirectory Deployment of web application directory [/Applications/tomcat/webapps/manager] has finished in [107] ms
19-Oct-2017 19:21:05.470 INFO [localhost-startStop-1] org.apache.catalina.startup.HostConfig.deployDirectory Deploying web application directory [/Applications/tomcat/webapps/ROOT]
19-Oct-2017 19:21:05.555 INFO [localhost-startStop-1] org.apache.jasper.servlet.TldScanner.scanJars At least one JAR was scanned for TLDs yet contained no TLDs. Enable debug logging for this logger for a complete list of JARs that were scanned but no TLDs were found in them. Skipping unneeded JARs during scanning can improve startup time and JSP compilation time.
19-Oct-2017 19:21:05.556 INFO [localhost-startStop-1] org.apache.catalina.startup.HostConfig.deployDirectory Deployment of web application directory [/Applications/tomcat/webapps/ROOT] has finished in [86] ms
19-Oct-2017 19:21:05.558 INFO [main] org.apache.coyote.AbstractProtocol.start Starting ProtocolHandler ["http-nio-8080"]
19-Oct-2017 19:21:05.565 INFO [main] org.apache.coyote.AbstractProtocol.start Starting ProtocolHandler ["ajp-nio-8009"]
19-Oct-2017 19:21:05.566 INFO [main] org.apache.catalina.startup.Catalina.start Server startup in 1380 ms
19-Oct-2017 19:21:27.988 INFO [main] org.apache.catalina.core.StandardServer.await A valid shutdown command was received via the shutdown port. Stopping the Server instance.
19-Oct-2017 19:21:27.988 INFO [main] org.apache.coyote.AbstractProtocol.pause Pausing ProtocolHandler ["http-nio-8080"]
19-Oct-2017 19:21:28.044 INFO [main] org.apache.coyote.AbstractProtocol.pause Pausing ProtocolHandler ["ajp-nio-8009"]
19-Oct-2017 19:21:28.097 INFO [main] org.apache.catalina.core.StandardService.stopInternal Stopping service [Catalina]
19-Oct-2017 19:21:28.134 INFO [main] org.apache.coyote.AbstractProtocol.stop Stopping ProtocolHandler ["http-nio-8080"]
19-Oct-2017 19:21:28.138 INFO [main] org.apache.coyote.AbstractProtocol.stop Stopping ProtocolHandler ["ajp-nio-8009"]
19-Oct-2017 19:21:28.140 INFO [main] org.apache.coyote.AbstractProtocol.destroy Destroying ProtocolHandler ["http-nio-8080"]
19-Oct-2017 19:21:28.141 INFO [main] org.apache.coyote.AbstractProtocol.destroy Destroying ProtocolHandler ["ajp-nio-8009"]
